Build started 12/20/2015 1:33:09 PM.
     1>Project "C:\Users\zcv0lhb\Documents\School\Software Design\ProjectX\Assembler\Assembler.vcxproj" on node 2 (Rebuild target(s)).
     1>ClCompile:
         C:\Program Files (x86)\Microsoft Visual Studio 14.0\VC\bin\CL.exe /c /ZI /nologo /W3 /WX- /sdl /Od /Oy- /D _MBCS /Gm /EHsc /RTC1 /MDd /GS /fp:precise /Zc:wchar_t /Zc:forScope /Zc:inline /Yc"stdafx.h" /Fp"Debug\Assembler.pch" /Fo"Debug\\" /Fd"Debug\vc140.pdb" /Gd /TP /analyze- /errorReport:prompt stdafx.cpp
         stdafx.cpp
         C:\Program Files (x86)\Microsoft Visual Studio 14.0\VC\bin\CL.exe /c /ZI /nologo /W3 /WX- /sdl /Od /Oy- /D _MBCS /Gm /EHsc /RTC1 /MDd /GS /fp:precise /Zc:wchar_t /Zc:forScope /Zc:inline /Yu"stdafx.h" /Fp"Debug\Assembler.pch" /Fo"Debug\\" /Fd"Debug\vc140.pdb" /Gd /TP /analyze- /errorReport:prompt Assem.cpp Assembler.cpp Emulator.cpp Errors.cpp FileAccess.cpp Instruction.cpp SymTab.cpp
         SymTab.cpp
         Instruction.cpp
     1>c:\users\zcv0lhb\documents\school\software design\projectx\assembler\instruction.cpp(71): warning C4018: '<': signed/unsigned mismatch
         FileAccess.cpp
         Errors.cpp
         Emulator.cpp
         Assembler.cpp
         Assem.cpp
         Generating Code...
       Link:
         C:\Program Files (x86)\Microsoft Visual Studio 14.0\VC\bin\link.exe /ERRORREPORT:PROMPT /OUT:"C:\Users\zcv0lhb\Documents\School\Software Design\ProjectX\Assembler\Debug\Assembler.exe" /INCREMENTAL /NOLOGO kernel32.lib user32.lib gdi32.lib winspool.lib comdlg32.lib advapi32.lib shell32.lib ole32.lib oleaut32.lib uuid.lib odbc32.lib odbccp32.lib /MANIFEST /MANIFESTUAC:"level='asInvoker' uiAccess='false'" /manifest:embed /Debug /PDB:"C:\Users\zcv0lhb\Documents\School\Software Design\ProjectX\Assembler\Debug\Assembler.pdb" /TLBID:1 /DYNAMICBASE /NXCOMPAT /IMPLIB:"C:\Users\zcv0lhb\Documents\School\Software Design\ProjectX\Assembler\Debug\Assembler.lib" /MACHINE:X86 Debug\Assem.obj
         Debug\Assembler.obj
         Debug\Emulator.obj
         Debug\Errors.obj
         Debug\FileAccess.obj
         Debug\Instruction.obj
         Debug\stdafx.obj
         Debug\SymTab.obj
         Assembler.vcxproj -> C:\Users\zcv0lhb\Documents\School\Software Design\ProjectX\Assembler\Debug\Assembler.exe
     1>Done Building Project "C:\Users\zcv0lhb\Documents\School\Software Design\ProjectX\Assembler\Assembler.vcxproj" (Rebuild target(s)).

Build succeeded.

Time Elapsed 00:00:13.18
