c:\users\zcv0lhb\documents\school\software design\projectx\assembler\debug\assembler.pch
c:\users\zcv0lhb\documents\school\software design\projectx\assembler\debug\vc140.pdb
c:\users\zcv0lhb\documents\school\software design\projectx\assembler\debug\vc140.idb
c:\users\zcv0lhb\documents\school\software design\projectx\assembler\debug\stdafx.obj
c:\users\zcv0lhb\documents\school\software design\projectx\assembler\debug\errors.obj
c:\users\zcv0lhb\documents\school\software design\projectx\assembler\debug\fileaccess.obj
c:\users\zcv0lhb\documents\school\software design\projectx\assembler\debug\instruction.obj
c:\users\zcv0lhb\documents\school\software design\projectx\assembler\debug\symtab.obj
c:\users\zcv0lhb\documents\school\software design\projectx\assembler\debug\assembler.obj
c:\users\zcv0lhb\documents\school\software design\projectx\assembler\debug\assem.obj
c:\users\zcv0lhb\documents\school\software design\projectx\assembler\debug\emulator.obj
c:\users\zcv0lhb\documents\school\software design\projectx\assembler\debug\assembler.ilk
c:\users\zcv0lhb\documents\school\software design\projectx\assembler\debug\assembler.exe
c:\users\zcv0lhb\documents\school\software design\projectx\assembler\debug\assembler.pdb
c:\users\zcv0lhb\documents\school\software design\projectx\assembler\debug\assembler.tlog\cl.command.1.tlog
c:\users\zcv0lhb\documents\school\software design\projectx\assembler\debug\assembler.tlog\cl.read.1.tlog
c:\users\zcv0lhb\documents\school\software design\projectx\assembler\debug\assembler.tlog\cl.write.1.tlog
c:\users\zcv0lhb\documents\school\software design\projectx\assembler\debug\assembler.tlog\link.command.1.tlog
c:\users\zcv0lhb\documents\school\software design\projectx\assembler\debug\assembler.tlog\link.read.1.tlog
c:\users\zcv0lhb\documents\school\software design\projectx\assembler\debug\assembler.tlog\link.write.1.tlog
